
/home/runner/work/exp-radiation-laws-iitb/exp-radiation-laws-iitb/experiment/simulation/common_libraries/js/ts_components/collapse_step.js
   1:10  warning  'show_step' is defined but never used                 no-unused-vars
   2:5   warning  '$' is not defined                                    no-undef
   3:9   warning  '$' is not defined                                    no-undef
   6:10  warning  'hide_step' is defined but never used                 no-unused-vars
   7:5   warning  '$' is not defined                                    no-undef
   8:9   warning  '$' is not defined                                    no-undef
  11:10  warning  'get_collapse_btn_text' is defined but never used     no-unused-vars
  20:10  warning  'get_collapse_btn_element' is defined but never used  no-unused-vars
  29:10  warning  'hide_all_steps' is defined but never used            no-unused-vars
  31:9   warning  '$' is not defined                                    no-undef

/home/runner/work/exp-radiation-laws-iitb/exp-radiation-laws-iitb/experiment/simulation/common_libraries/js/ts_components/matrix.js
   27:26  warning  'MathJax' is not defined                                no-undef
   32:7   warning  'Matrix_Without_String' is defined but never used       no-unused-vars
   52:26  warning  'MathJax' is not defined                                no-undef
   56:10  warning  'get_matrix_html' is defined but never used             no-unused-vars
   87:13  warning  'row_html' is assigned a value but never used           no-unused-vars
   99:10  warning  'get_matrix_html_with_title' is defined but never used  no-unused-vars
  131:13  warning  'row_html' is assigned a value but never used           no-unused-vars
  143:10  warning  'convert_2d_to_1d_vector' is defined but never used     no-unused-vars
  156:10  warning  'convert_1d_to_2d_matrix' is defined but never used     no-unused-vars

/home/runner/work/exp-radiation-laws-iitb/exp-radiation-laws-iitb/experiment/simulation/common_libraries/js/ts_components/pannel.js
  8:7  warning  'Pannel' is defined but never used  no-unused-vars

/home/runner/work/exp-radiation-laws-iitb/exp-radiation-laws-iitb/experiment/simulation/common_libraries/js/ts_components/questions.js
   6:17  warning  'op1' is assigned a value but never used      no-unused-vars
   7:17  warning  'op2' is assigned a value but never used      no-unused-vars
   8:17  warning  'op3' is assigned a value but never used      no-unused-vars
   9:17  warning  'op4' is assigned a value but never used      no-unused-vars
  94:7   warning  'Question_Options' is defined but never used  no-unused-vars

/home/runner/work/exp-radiation-laws-iitb/exp-radiation-laws-iitb/experiment/simulation/common_libraries/js/ts_components/tables.js
   19:22  warning  'verify_values' is not defined                                     no-undef
  137:22  warning  'verify_values' is not defined                                     no-undef
  260:7   warning  'Verify_Rows_Cols_6_decimal_places' is defined but never used      no-unused-vars
  311:22  warning  'verify_values' is not defined                                     no-undef
  416:7   warning  'Verify_Rows_Cols_Custom_Fixed_Update1' is defined but never used  no-unused-vars
  468:7   warning  'Show_Table_Custom_Fixed' is defined but never used                no-unused-vars
  506:7   warning  'Verify_Rows_Cols_Strings' is defined but never used               no-unused-vars
  527:22  warning  'verify_values' is not defined                                     no-undef
  663:7   warning  'Display_Table' is defined but never used                          no-unused-vars

/home/runner/work/exp-radiation-laws-iitb/exp-radiation-laws-iitb/experiment/simulation/common_libraries/js/ts_math_library/general_math_functions.js
    1:10  warning  'verify_values' is defined but never used                   no-unused-vars
   17:10  warning  'random1' is defined but never used                         no-unused-vars
   21:10  warning  'std_deviation' is defined but never used                   no-unused-vars
   26:10  warning  'gauss' is defined but never used                           no-unused-vars
   56:10  warning  'hide_panel' is defined but never used                      no-unused-vars
   63:10  warning  'inverse_matrix' is defined but never used                  no-unused-vars
   96:10  warning  'matrix_multiplication' is defined but never used           no-unused-vars
  113:10  warning  'transpose_matrix' is defined but never used                no-unused-vars
  123:10  warning  'matrix_multiplication_8decimal' is defined but never used  no-unused-vars
  140:10  warning  'adjoint_2x2_matrix' is defined but never used              no-unused-vars
  145:10  warning  'find_deteminant' is defined but never used                 no-unused-vars
  174:10  warning  'get_Submatrix' is defined but never used                   no-unused-vars

/home/runner/work/exp-radiation-laws-iitb/exp-radiation-laws-iitb/experiment/simulation/common_libraries/js/ts_math_library/regression.js
   1:10  warning  'regression_linear' is defined but never used            no-unused-vars
  18:10  warning  'regression_linear_1variable' is defined but never used  no-unused-vars
  27:10  warning  'regression_linear_2variable' is defined but never used  no-unused-vars
  52:11  warning  'gauss' is not defined                                   no-undef

/home/runner/work/exp-radiation-laws-iitb/exp-radiation-laws-iitb/experiment/simulation/common_libraries/math.ob.js
  1:745  warning  'b' is already defined  no-redeclare

/home/runner/work/exp-radiation-laws-iitb/exp-radiation-laws-iitb/experiment/simulation/js/activity1.js
   15:9    warning  'MathJax' is not defined                        no-undef
   19:10   warning  'start_act1' is defined but never used          no-unused-vars
   24:20   warning  'get_collapse_btn_text' is not defined          no-undef
   33:62   warning  'transmissivity' is not defined                 no-undef
   33:97   warning  'reflectivity' is not defined                   no-undef
   33:158  warning  'Qa_a1' is not defined                          no-undef
   39:13   warning  Unnecessary escape character: \α                no-useless-escape
   39:18   warning  Unnecessary escape character: \τ                no-useless-escape
   39:23   warning  Unnecessary escape character: \γ                no-useless-escape
   46:18   warning  Unnecessary escape character: \α                no-useless-escape
   46:27   warning  Unnecessary escape character: \τ                no-useless-escape
   46:32   warning  Unnecessary escape character: \γ                no-useless-escape
   57:5    warning  'hide_all_steps' is not defined                 no-undef
   59:9    warning  'MathJax' is not defined                        no-undef
   62:9    warning  'show_step' is not defined                      no-undef
   67:5    warning  'transmissivity' is not defined                 no-undef
   67:33   warning  'random' is not defined                         no-undef
   68:5    warning  'reflectivity' is not defined                   no-undef
   68:31   warning  'random' is not defined                         no-undef
   69:5    warning  'Qa_a1' is not defined                          no-undef
   69:13   warning  'random1' is not defined                        no-undef
   70:5    warning  'alpha_a1' is not defined                       no-undef
   70:20   warning  'transmissivity' is not defined                 no-undef
   70:37   warning  'reflectivity' is not defined                   no-undef
   71:5    warning  'Q_a1' is not defined                           no-undef
   71:12   warning  'Qa_a1' is not defined                          no-undef
   71:20   warning  'alpha_a1' is not defined                       no-undef
   72:35   warning  'transmissivity' is not defined                 no-undef
   73:33   warning  'reflectivity' is not defined                   no-undef
   74:26   warning  'Qa_a1' is not defined                          no-undef
   75:29   warning  'alpha_a1' is not defined                       no-undef
   76:25   warning  'Q_a1' is not defined                           no-undef
   78:10   warning  'a1_verify_alpha' is defined but never used     no-unused-vars
   80:17   warning  'alpha_a1' is not defined                       no-undef
   81:10   warning  'verify_values' is not defined                  no-undef
   81:47   warning  'alpha_a1' is not defined                       no-undef
   95:12   warning  Unnecessary escape character: \α                no-useless-escape
   95:21   warning  Unnecessary escape character: \τ                no-useless-escape
   95:26   warning  Unnecessary escape character: \γ                no-useless-escape
   95:45   warning  'alpha_a1' is not defined                       no-undef
  102:13   warning  Unnecessary escape character: \α                no-useless-escape
  121:9    warning  'MathJax' is not defined                        no-undef
  124:10   warning  'a1_verify_Q_A' is defined but never used       no-unused-vars
  126:17   warning  'Q_a1' is not defined                           no-undef
  127:10   warning  'verify_values' is not defined                  no-undef
  127:47   warning  'Q_a1' is not defined                           no-undef
  141:52   warning  'Q_a1' is not defined                           no-undef
  150:9    warning  'MathJax' is not defined                        no-undef
  153:10   warning  'activity_completed' is defined but never used  no-unused-vars

/home/runner/work/exp-radiation-laws-iitb/exp-radiation-laws-iitb/experiment/simulation/js/activity2.js
    2:10  warning  'activity2' is defined but never used    no-unused-vars
    5:20  warning  'get_collapse_btn_text' is not defined   no-undef
   13:87  warning  'in_a2' is not defined                   no-undef
   14:67  warning  'ang_a2' is not defined                  no-undef
   23:35  warning  Unnecessary escape character: \β         no-useless-escape
   33:5   warning  'maindiv' is not defined                 no-undef
   34:5   warning  'hide_all_steps' is not defined          no-undef
   36:9   warning  'MathJax' is not defined                 no-undef
   39:9   warning  'show_step' is not defined               no-undef
   46:5   warning  'i_a2' is not defined                    no-undef
   47:5   warning  'e_a2' is not defined                    no-undef
   47:12  warning  'in_a2' is not defined                   no-undef
   48:26  warning  'in_a2' is not defined                   no-undef
   49:27  warning  'ang_a2' is not defined                  no-undef
   50:25  warning  'i_a2' is not defined                    no-undef
   51:25  warning  'e_a2' is not defined                    no-undef
   53:10  warning  'a2_verify_i' is defined but never used  no-unused-vars
   55:17  warning  'i_a2' is not defined                    no-undef
   56:10  warning  'verify_values' is not defined           no-undef
   56:47  warning  'i_a2' is not defined                    no-undef
   70:28  warning  Unnecessary escape character: \β         no-useless-escape
   70:47  warning  'i_a2' is not defined                    no-undef
   82:26  warning  Unnecessary escape character: \×         no-useless-escape
   94:9   warning  'MathJax' is not defined                 no-undef
   97:10  warning  'a2_verfiy_e' is defined but never used  no-unused-vars
   99:17  warning  'e_a2' is not defined                    no-undef
  100:10  warning  'verify_values' is not defined           no-undef
  100:47  warning  'e_a2' is not defined                    no-undef
  114:20  warning  Unnecessary escape character: \×         no-useless-escape
  114:23  warning  Unnecessary escape character: \π         no-useless-escape
  114:41  warning  'e_a2' is not defined                    no-undef
  122:9   warning  'MathJax' is not defined                 no-undef

/home/runner/work/exp-radiation-laws-iitb/exp-radiation-laws-iitb/experiment/simulation/js/activity3.js
    2:10   warning  'activity3' is defined but never used            no-unused-vars
    5:20   warning  'get_collapse_btn_text' is not defined           no-undef
   13:84   warning  'T_C_a3' is not defined                          no-undef
   15:94   warning  'W_s' is not defined                             no-undef
   15:109  warning  'W_e' is not defined                             no-undef
   25:33   warning  Unnecessary escape character: \σ                 no-useless-escape
   35:5    warning  'maindiv' is not defined                         no-undef
   36:5    warning  'hide_all_steps' is not defined                  no-undef
   38:9    warning  'MathJax' is not defined                         no-undef
   41:9    warning  'show_step' is not defined                       no-undef
   46:5    warning  'T_C_a3' is not defined                          no-undef
   46:14   warning  'random1' is not defined                         no-undef
   47:5    warning  'T_K_a3' is not defined                          no-undef
   47:14   warning  'T_C_a3' is not defined                          no-undef
   48:5    warning  'Q_A' is not defined                             no-undef
   48:11   warning  'sigma' is not defined                           no-undef
   48:28   warning  'T_K_a3' is not defined                          no-undef
   49:5    warning  'lambda_m_M' is not defined                      no-undef
   49:27   warning  'T_K_a3' is not defined                          no-undef
   50:5    warning  'lambda_mu_m_M' is not defined                   no-undef
   50:21   warning  'lambda_m_M' is not defined                      no-undef
   51:5    warning  'e_lambda' is not defined                        no-undef
   52:24   warning  'C1' is not defined                              no-undef
   53:23   warning  'lambda_m_M' is not defined                      no-undef
   53:50   warning  'C2' is not defined                              no-undef
   53:56   warning  'lambda_m_M' is not defined                      no-undef
   53:69   warning  'T_K_a3' is not defined                          no-undef
   54:5    warning  'h_mu_m' is not defined                          no-undef
   54:15   warning  'lambda_mu_m_5' is not defined                   no-undef
   54:31   warning  'lambda_mu_m_1' is not defined                   no-undef
   55:5    warning  'h_m' is not defined                             no-undef
   55:11   warning  'h_mu_m' is not defined                          no-undef
   56:5    warning  'lambda_mu_m_2' is not defined                   no-undef
   56:21   warning  'lambda_mu_m_1' is not defined                   no-undef
   56:37   warning  'h_mu_m' is not defined                          no-undef
   57:5    warning  'lambda_mu_m_3' is not defined                   no-undef
   57:21   warning  'lambda_mu_m_2' is not defined                   no-undef
   57:37   warning  'h_mu_m' is not defined                          no-undef
   58:5    warning  'lambda_mu_m_4' is not defined                   no-undef
   58:21   warning  'lambda_mu_m_3' is not defined                   no-undef
   58:37   warning  'h_mu_m' is not defined                          no-undef
   59:5    warning  'lambda_m_1' is not defined                      no-undef
   59:18   warning  'lambda_mu_m_1' is not defined                   no-undef
   60:5    warning  'lambda_m_2' is not defined                      no-undef
   60:18   warning  'lambda_mu_m_2' is not defined                   no-undef
   61:5    warning  'lambda_m_3' is not defined                      no-undef
   61:18   warning  'lambda_mu_m_3' is not defined                   no-undef
   62:5    warning  'lambda_m_4' is not defined                      no-undef
   62:18   warning  'lambda_mu_m_4' is not defined                   no-undef
   63:5    warning  'lambda_m_5' is not defined                      no-undef
   63:18   warning  'lambda_mu_m_5' is not defined                   no-undef
   64:5    warning  'e_lambda_1' is not defined                      no-undef
   65:24   warning  'C1' is not defined                              no-undef
   66:23   warning  'lambda_m_1' is not defined                      no-undef
   66:50   warning  'C2' is not defined                              no-undef
   66:56   warning  'lambda_m_1' is not defined                      no-undef
   66:69   warning  'T_K_a3' is not defined                          no-undef
   67:5    warning  'e_lambda_2' is not defined                      no-undef
   68:24   warning  'C1' is not defined                              no-undef
   69:23   warning  'lambda_m_2' is not defined                      no-undef
   69:50   warning  'C2' is not defined                              no-undef
   69:56   warning  'lambda_m_2' is not defined                      no-undef
   69:69   warning  'T_K_a3' is not defined                          no-undef
   70:5    warning  'e_lambda_3' is not defined                      no-undef
   71:24   warning  'C1' is not defined                              no-undef
   72:23   warning  'lambda_m_3' is not defined                      no-undef
   72:50   warning  'C2' is not defined                              no-undef
   72:56   warning  'lambda_m_3' is not defined                      no-undef
   72:69   warning  'T_K_a3' is not defined                          no-undef
   73:5    warning  'e_lambda_4' is not defined                      no-undef
   74:24   warning  'C1' is not defined                              no-undef
   75:23   warning  'lambda_m_4' is not defined                      no-undef
   75:50   warning  'C2' is not defined                              no-undef
   75:56   warning  'lambda_m_4' is not defined                      no-undef
   75:69   warning  'T_K_a3' is not defined                          no-undef
   76:5    warning  'e_lambda_5' is not defined                      no-undef
   77:24   warning  'C1' is not defined                              no-undef
   78:23   warning  'lambda_m_5' is not defined                      no-undef
   78:50   warning  'C2' is not defined                              no-undef
   78:56   warning  'lambda_m_5' is not defined                      no-undef
   78:69   warning  'T_K_a3' is not defined                          no-undef
   79:5    warning  'f_rad_btwn_wave' is not defined                 no-undef
   80:10   warning  'h_m' is not defined                             no-undef
   81:14   warning  'e_lambda_1' is not defined                      no-undef
   82:21   warning  'e_lambda_2' is not defined                      no-undef
   83:21   warning  'e_lambda_3' is not defined                      no-undef
   84:21   warning  'e_lambda_4' is not defined                      no-undef
   85:17   warning  'e_lambda_5' is not defined                      no-undef
   86:5    warning  'f_radiation' is not defined                     no-undef
   86:20   warning  'f_rad_btwn_wave' is not defined                 no-undef
   86:38   warning  'Q_A' is not defined                             no-undef
   87:27   warning  'T_C_a3' is not defined                          no-undef
   88:27   warning  'T_K_a3' is not defined                          no-undef
   89:24   warning  'Q_A' is not defined                             no-undef
   90:31   warning  'lambda_m_M' is not defined                      no-undef
   91:34   warning  'lambda_mu_m_M' is not defined                   no-undef
   92:29   warning  'e_lambda' is not defined                        no-undef
   93:27   warning  'h_mu_m' is not defined                          no-undef
   94:34   warning  'lambda_mu_m_1' is not defined                   no-undef
   95:34   warning  'lambda_mu_m_2' is not defined                   no-undef
   96:34   warning  'lambda_mu_m_3' is not defined                   no-undef
   97:34   warning  'lambda_mu_m_4' is not defined                   no-undef
   98:34   warning  'lambda_mu_m_5' is not defined                   no-undef
   99:31   warning  'lambda_m_1' is not defined                      no-undef
  100:31   warning  'lambda_m_2' is not defined                      no-undef
  101:31   warning  'lambda_m_3' is not defined                      no-undef
  102:31   warning  'lambda_m_4' is not defined                      no-undef
  103:31   warning  'lambda_m_5' is not defined                      no-undef
  104:31   warning  'e_lambda_1' is not defined                      no-undef
  105:31   warning  'e_lambda_2' is not defined                      no-undef
  106:31   warning  'e_lambda_3' is not defined                      no-undef
  107:31   warning  'e_lambda_4' is not defined                      no-undef
  108:31   warning  'e_lambda_5' is not defined                      no-undef
  109:36   warning  'f_rad_btwn_wave' is not defined                 no-undef
  110:32   warning  'f_radiation' is not defined                     no-undef
  112:10   warning  'a3_verify_QA' is defined but never used         no-unused-vars
  114:17   warning  'Q_A' is not defined                             no-undef
  115:10   warning  'verify_values' is not defined                   no-undef
  115:47   warning  'Q_A' is not defined                             no-undef
  129:26   warning  Unnecessary escape character: \σ                 no-useless-escape
  129:48   warning  'Q_A' is not defined                             no-undef
  129:84   warning  Unnecessary escape character: \×                 no-useless-escape
  140:13   warning  Unnecessary escape character: \λ                 no-useless-escape
  148:18   warning  Unnecessary escape character: \λ                 no-useless-escape
  160:9    warning  'MathJax' is not defined                         no-undef
  163:10   warning  'a3_verfiy_lambda_m' is defined but never used   no-unused-vars
  165:17   warning  'lambda_mu_m_M' is not defined                   no-undef
  166:10   warning  'verify_values' is not defined                   no-undef
  166:47   warning  'lambda_mu_m_M' is not defined                   no-undef
  180:12   warning  Unnecessary escape character: \λ                 no-useless-escape
  180:52   warning  'lambda_mu_m_M' is not defined                   no-undef
  180:79   warning  Unnecessary escape character: \μ                 no-useless-escape
  191:25   warning  Unnecessary escape character: \×                 no-useless-escape
  201:22   warning  Unnecessary escape character: \λ                 no-useless-escape
  201:36   warning  Unnecessary escape character: \π                 no-useless-escape
  201:43   warning  Unnecessary escape character: \λ                 no-useless-escape
  201:71   warning  Unnecessary escape character: \λ                 no-useless-escape
  213:9    warning  'MathJax' is not defined                         no-undef
  216:10   warning  'a3_verfiy_eb' is defined but never used         no-unused-vars
  218:17   warning  'e_lambda' is not defined                        no-undef
  219:10   warning  'verify_values' is not defined                   no-undef
  219:47   warning  'e_lambda' is not defined                        no-undef
  233:16   warning  Unnecessary escape character: \λ                 no-useless-escape
  233:30   warning  Unnecessary escape character: \π                 no-useless-escape
  233:37   warning  Unnecessary escape character: \λ                 no-useless-escape
  233:65   warning  Unnecessary escape character: \λ                 no-useless-escape
  233:102  warning  'e_lambda' is not defined                        no-undef
  233:144  warning  Unnecessary escape character: \×                 no-useless-escape
  239:53   warning  'W_s' is not defined                             no-undef
  239:68   warning  'W_e' is not defined                             no-undef
  244:13   warning  Unnecessary escape character: \λ                 no-useless-escape
  244:22   warning  'W_s' is not defined                             no-undef
  244:26   warning  Unnecessary escape character: \μ                 no-useless-escape
  247:13   warning  Unnecessary escape character: \λ                 no-useless-escape
  247:22   warning  'W_e' is not defined                             no-undef
  247:27   warning  Unnecessary escape character: \μ                 no-useless-escape
  254:18   warning  Unnecessary escape character: \Δ                 no-useless-escape
  254:20   warning  Unnecessary escape character: \λ                 no-useless-escape
  266:9    warning  'MathJax' is not defined                         no-undef
  269:10   warning  'a3_verfiy_h' is defined but never used          no-unused-vars
  271:17   warning  'h_mu_m' is not defined                          no-undef
  272:10   warning  'verify_values' is not defined                   no-undef
  272:47   warning  'h_mu_m' is not defined                          no-undef
  286:12   warning  Unnecessary escape character: \Δ                 no-useless-escape
  286:14   warning  Unnecessary escape character: \λ                 no-useless-escape
  286:73   warning  'h_mu_m' is not defined                          no-undef
  286:93   warning  Unnecessary escape character: \μ                 no-useless-escape
  293:13   warning  Unnecessary escape character: \λ                 no-useless-escape
  293:22   warning  'W_s' is not defined                             no-undef
  293:26   warning  Unnecessary escape character: \μ                 no-useless-escape
  300:44   warning  Unnecessary escape character: \Δ                 no-useless-escape
  300:46   warning  Unnecessary escape character: \λ                 no-useless-escape
  309:44   warning  Unnecessary escape character: \Δ                 no-useless-escape
  309:46   warning  Unnecessary escape character: \λ                 no-useless-escape
  318:44   warning  Unnecessary escape character: \Δ                 no-useless-escape
  318:46   warning  Unnecessary escape character: \λ                 no-useless-escape
  330:9    warning  'MathJax' is not defined                         no-undef
  333:10   warning  'a3_verfiy_lambda' is defined but never used     no-unused-vars
  337:17   warning  'lambda_mu_m_2' is not defined                   no-undef
  337:32   warning  'lambda_mu_m_3' is not defined                   no-undef
  337:47   warning  'lambda_mu_m_4' is not defined                   no-undef
  338:10   warning  'verify_values' is not defined                   no-undef
  338:48   warning  'lambda_mu_m_2' is not defined                   no-undef
  347:10   warning  'verify_values' is not defined                   no-undef
  347:48   warning  'lambda_mu_m_3' is not defined                   no-undef
  356:10   warning  'verify_values' is not defined                   no-undef
  356:48   warning  'lambda_mu_m_4' is not defined                   no-undef
  370:38   warning  Unnecessary escape character: \Δ                 no-useless-escape
  370:40   warning  Unnecessary escape character: \λ                 no-useless-escape
  370:58   warning  'lambda_mu_m_2' is not defined                   no-undef
  370:85   warning  Unnecessary escape character: \μ                 no-useless-escape
  371:38   warning  Unnecessary escape character: \Δ                 no-useless-escape
  371:40   warning  Unnecessary escape character: \λ                 no-useless-escape
  371:58   warning  'lambda_mu_m_3' is not defined                   no-undef
  371:85   warning  Unnecessary escape character: \μ                 no-useless-escape
  372:38   warning  Unnecessary escape character: \Δ                 no-useless-escape
  372:40   warning  Unnecessary escape character: \λ                 no-useless-escape
  372:58   warning  'lambda_mu_m_4' is not defined                   no-undef
  372:85   warning  Unnecessary escape character: \μ                 no-useless-escape
  373:38   warning  Unnecessary escape character: \Δ                 no-useless-escape
  373:40   warning  Unnecessary escape character: \λ                 no-useless-escape
  373:47   warning  'lambda_mu_m_5' is not defined                   no-undef
  373:62   warning  Unnecessary escape character: \μ                 no-useless-escape
  383:22   warning  Unnecessary escape character: \λ                 no-useless-escape
  383:38   warning  Unnecessary escape character: \π                 no-useless-escape
  383:45   warning  Unnecessary escape character: \λ                 no-useless-escape
  383:73   warning  Unnecessary escape character: \λ                 no-useless-escape
  391:22   warning  Unnecessary escape character: \λ                 no-useless-escape
  391:38   warning  Unnecessary escape character: \π                 no-useless-escape
  391:45   warning  Unnecessary escape character: \λ                 no-useless-escape
  391:73   warning  Unnecessary escape character: \λ                 no-useless-escape
  399:22   warning  Unnecessary escape character: \λ                 no-useless-escape
  399:38   warning  Unnecessary escape character: \π                 no-useless-escape
  399:45   warning  Unnecessary escape character: \λ                 no-useless-escape
  399:73   warning  Unnecessary escape character: \λ                 no-useless-escape
  407:22   warning  Unnecessary escape character: \λ                 no-useless-escape
  407:38   warning  Unnecessary escape character: \π                 no-useless-escape
  407:45   warning  Unnecessary escape character: \λ                 no-useless-escape
  407:73   warning  Unnecessary escape character: \λ                 no-useless-escape
  415:22   warning  Unnecessary escape character: \λ                 no-useless-escape
  415:38   warning  Unnecessary escape character: \π                 no-useless-escape
  415:45   warning  Unnecessary escape character: \λ                 no-useless-escape
  415:73   warning  Unnecessary escape character: \λ                 no-useless-escape
  427:9    warning  'MathJax' is not defined                         no-undef
  430:10   warning  'a3_verfiy_eb_lambda' is defined but never used  no-unused-vars
  436:17   warning  'e_lambda_1' is not defined                      no-undef
  436:48   warning  'e_lambda_2' is not defined                      no-undef
  436:79   warning  'e_lambda_3' is not defined                      no-undef
  436:110  warning  'e_lambda_4' is not defined                      no-undef
  436:141  warning  'e_lambda_5' is not defined                      no-undef
  437:10   warning  'verify_values' is not defined                   no-undef
  437:48   warning  'e_lambda_1' is not defined                      no-undef
  446:10   warning  'verify_values' is not defined                   no-undef
  446:48   warning  'e_lambda_2' is not defined                      no-undef
  455:10   warning  'verify_values' is not defined                   no-undef
  455:48   warning  'e_lambda_3' is not defined                      no-undef
  464:10   warning  'verify_values' is not defined                   no-undef
  464:48   warning  'e_lambda_4' is not defined                      no-undef
  473:10   warning  'verify_values' is not defined                   no-undef
  473:48   warning  'e_lambda_5' is not defined                      no-undef
  487:16   warning  Unnecessary escape character: \λ                 no-useless-escape
  487:32   warning  Unnecessary escape character: \π                 no-useless-escape
  487:39   warning  Unnecessary escape character: \λ                 no-useless-escape
  487:67   warning  Unnecessary escape character: \λ                 no-useless-escape
  487:104  warning  'e_lambda_1' is not defined                      no-undef
  487:148  warning  Unnecessary escape character: \×                 no-useless-escape
  488:16   warning  Unnecessary escape character: \λ                 no-useless-escape
  488:32   warning  Unnecessary escape character: \π                 no-useless-escape
  488:39   warning  Unnecessary escape character: \λ                 no-useless-escape
  488:67   warning  Unnecessary escape character: \λ                 no-useless-escape
  488:104  warning  'e_lambda_2' is not defined                      no-undef
  488:148  warning  Unnecessary escape character: \×                 no-useless-escape
  489:16   warning  Unnecessary escape character: \λ                 no-useless-escape
  489:32   warning  Unnecessary escape character: \π                 no-useless-escape
  489:39   warning  Unnecessary escape character: \λ                 no-useless-escape
  489:67   warning  Unnecessary escape character: \λ                 no-useless-escape
  489:104  warning  'e_lambda_3' is not defined                      no-undef
  489:148  warning  Unnecessary escape character: \×                 no-useless-escape
  490:16   warning  Unnecessary escape character: \λ                 no-useless-escape
  490:32   warning  Unnecessary escape character: \π                 no-useless-escape
  490:39   warning  Unnecessary escape character: \λ                 no-useless-escape
  490:67   warning  Unnecessary escape character: \λ                 no-useless-escape
  490:104  warning  'e_lambda_4' is not defined                      no-undef
  490:148  warning  Unnecessary escape character: \×                 no-useless-escape
  491:16   warning  Unnecessary escape character: \λ                 no-useless-escape
  491:32   warning  Unnecessary escape character: \π                 no-useless-escape
  491:39   warning  Unnecessary escape character: \λ                 no-useless-escape
  491:67   warning  Unnecessary escape character: \λ                 no-useless-escape
  491:104  warning  'e_lambda_5' is not defined                      no-undef
  491:148  warning  Unnecessary escape character: \×                 no-useless-escape
  501:16   warning  Unnecessary escape character: \∫                 no-useless-escape
  501:56   warning  Unnecessary escape character: \λ                 no-useless-escape
  506:18   warning  Unnecessary escape character: \∫                 no-useless-escape
  506:58   warning  Unnecessary escape character: \λ                 no-useless-escape
  518:9    warning  'MathJax' is not defined                         no-undef
  521:10   warning  'a3_verfiy_f_lambda' is defined but never used   no-unused-vars
  523:17   warning  'f_rad_btwn_wave' is not defined                 no-undef
  524:10   warning  'verify_values' is not defined                   no-undef
  524:47   warning  'f_rad_btwn_wave' is not defined                 no-undef
  538:12   warning  Unnecessary escape character: \∫                 no-useless-escape
  538:52   warning  Unnecessary escape character: \λ                 no-useless-escape
  538:192  warning  'f_rad_btwn_wave' is not defined                 no-undef
  538:240  warning  Unnecessary escape character: \×                 no-useless-escape
  549:52   warning  Unnecessary escape character: \∫                 no-useless-escape
  549:102  warning  Unnecessary escape character: \∫                 no-useless-escape
  549:118  warning  Unnecessary escape character: \λ                 no-useless-escape
  549:141  warning  Unnecessary escape character: \∫                 no-useless-escape
  555:25   warning  Unnecessary escape character: \∫                 no-useless-escape
  567:9    warning  'MathJax' is not defined                         no-undef
  570:10   warning  'a3_verfiy_f' is defined but never used          no-unused-vars
  572:17   warning  'f_radiation' is not defined                     no-undef
  573:10   warning  'verify_values' is not defined                   no-undef
  573:47   warning  'f_radiation' is not defined                     no-undef
  587:19   warning  Unnecessary escape character: \∫                 no-useless-escape
  587:98   warning  'f_radiation' is not defined                     no-undef
  597:9    warning  'MathJax' is not defined                         no-undef

/home/runner/work/exp-radiation-laws-iitb/exp-radiation-laws-iitb/experiment/simulation/js/data.js
   2:5  warning  'transmissivity' is assigned a value but never used  no-unused-vars
   3:5  warning  'reflectivity' is assigned a value but never used    no-unused-vars
   4:5  warning  'Qa_a1' is assigned a value but never used           no-unused-vars
   5:5  warning  'alpha_a1' is defined but never used                 no-unused-vars
   6:5  warning  'Q_a1' is defined but never used                     no-unused-vars
   8:5  warning  'in_a2' is assigned a value but never used           no-unused-vars
   9:5  warning  'ang_a2' is assigned a value but never used          no-unused-vars
  10:5  warning  'i_a2' is defined but never used                     no-unused-vars
  11:5  warning  'e_a2' is defined but never used                     no-unused-vars
  13:5  warning  'T_C_a3' is assigned a value but never used          no-unused-vars
  14:5  warning  'T_K_a3' is assigned a value but never used          no-unused-vars
  15:5  warning  'W_s' is assigned a value but never used             no-unused-vars
  16:5  warning  'W_e' is assigned a value but never used             no-unused-vars
  17:5  warning  'sigma' is assigned a value but never used           no-unused-vars
  18:5  warning  'C1' is assigned a value but never used              no-unused-vars
  19:5  warning  'C2' is assigned a value but never used              no-unused-vars
  20:5  warning  'Q_A' is defined but never used                      no-unused-vars
  21:5  warning  'lambda_m_M' is defined but never used               no-unused-vars
  22:5  warning  'lambda_mu_m_M' is defined but never used            no-unused-vars
  23:5  warning  'e_lambda' is defined but never used                 no-unused-vars
  24:5  warning  'lambda_mu_m_1' is assigned a value but never used   no-unused-vars
  25:5  warning  'lambda_mu_m_2' is defined but never used            no-unused-vars
  26:5  warning  'lambda_mu_m_3' is defined but never used            no-unused-vars
  27:5  warning  'lambda_mu_m_4' is defined but never used            no-unused-vars
  28:5  warning  'lambda_mu_m_5' is assigned a value but never used   no-unused-vars
  29:5  warning  'lambda_m_1' is defined but never used               no-unused-vars
  30:5  warning  'lambda_m_2' is defined but never used               no-unused-vars
  31:5  warning  'lambda_m_3' is defined but never used               no-unused-vars
  32:5  warning  'lambda_m_4' is defined but never used               no-unused-vars
  33:5  warning  'lambda_m_5' is defined but never used               no-unused-vars
  34:5  warning  'h_mu_m' is defined but never used                   no-unused-vars
  35:5  warning  'h_m' is defined but never used                      no-unused-vars
  36:5  warning  'e_lambda_1' is defined but never used               no-unused-vars
  37:5  warning  'e_lambda_2' is defined but never used               no-unused-vars
  38:5  warning  'e_lambda_3' is defined but never used               no-unused-vars
  39:5  warning  'e_lambda_4' is defined but never used               no-unused-vars
  40:5  warning  'e_lambda_5' is defined but never used               no-unused-vars
  41:5  warning  'f_rad_btwn_wave' is defined but never used          no-unused-vars
  42:5  warning  'f_radiation' is defined but never used              no-unused-vars

/home/runner/work/exp-radiation-laws-iitb/exp-radiation-laws-iitb/experiment/simulation/js/screen_size.js
  1:10  warning  'set_screen_size' is defined but never used  no-unused-vars

✖ 468 problems (0 errors, 468 warnings)

